have_func: checking for mysql_ssl_set()... -------------------- yes

"gcc -o conftest -I/usr/local/include/ruby-2.1.0/i686-linux -I/usr/local/include/ruby-2.1.0/ruby/backward -I/usr/local/include/ruby-2.1.0 -I.  -D_FILE_OFFSET_BITS=64  -I/usr/include/mysql  -DBIG_JOINS=1  -fno-strict-aliasing   -DUNIV_LINUX -DUNIV_LINUX  -O3 -fno-fast-math -ggdb3 -Wall -Wextra -Wno-unused-parameter -Wno-parentheses -Wno-long-long -Wno-missing-field-initializers -Wunused-variable -Wpointer-arith -Wwrite-strings -Wdeclaration-after-statement -Wimplicit-function-declaration conftest.c  -L. -L/usr/local/lib -Wl,-R/usr/local/lib -L. -fstack-protector -rdynamic -Wl,-export-dynamic    -Wl,-Bsymbolic-functions -rdynamic -L/usr/lib/mysql -lmysqlclient  -Wl,-R -Wl,/usr/local/lib -L/usr/local/lib -lruby-static  -lpthread -lrt -ldl -lcrypt -lm   -lc"
checked program was:
/* begin */
1: #include "ruby.h"
2: 
3: int main(int argc, char **argv)
4: {
5:   return 0;
6: }
/* end */

"gcc -o conftest -I/usr/local/include/ruby-2.1.0/i686-linux -I/usr/local/include/ruby-2.1.0/ruby/backward -I/usr/local/include/ruby-2.1.0 -I.  -D_FILE_OFFSET_BITS=64  -I/usr/include/mysql  -DBIG_JOINS=1  -fno-strict-aliasing   -DUNIV_LINUX -DUNIV_LINUX  -O3 -fno-fast-math -ggdb3 -Wall -Wextra -Wno-unused-parameter -Wno-parentheses -Wno-long-long -Wno-missing-field-initializers -Wunused-variable -Wpointer-arith -Wwrite-strings -Wdeclaration-after-statement -Wimplicit-function-declaration conftest.c  -L. -L/usr/local/lib -Wl,-R/usr/local/lib -L. -fstack-protector -rdynamic -Wl,-export-dynamic    -Wl,-Bsymbolic-functions -rdynamic -L/usr/lib/mysql -lmysqlclient  -Wl,-R -Wl,/usr/local/lib -L/usr/local/lib -lruby-static -Wl,-Bsymbolic-functions -rdynamic -L/usr/lib/mysql -lmysqlclient  -lpthread -lrt -ldl -lcrypt -lm   -lc"
conftest.c: In function ‘t’:
conftest.c:13: error: ‘mysql_ssl_set’ undeclared (first use in this function)
conftest.c:13: error: (Each undeclared identifier is reported only once
conftest.c:13: error: for each function it appears in.)
checked program was:
/* begin */
 1: #include "ruby.h"
 2: 
 3: /*top*/
 4: extern int t(void);
 5: int main(int argc, char **argv)
 6: {
 7:   if (argc > 1000000) {
 8:     printf("%p", &t);
 9:   }
10: 
11:   return 0;
12: }
13: int t(void) { void ((*volatile p)()); p = (void ((*)()))mysql_ssl_set; return 0; }
/* end */

"gcc -o conftest -I/usr/local/include/ruby-2.1.0/i686-linux -I/usr/local/include/ruby-2.1.0/ruby/backward -I/usr/local/include/ruby-2.1.0 -I.  -D_FILE_OFFSET_BITS=64  -I/usr/include/mysql  -DBIG_JOINS=1  -fno-strict-aliasing   -DUNIV_LINUX -DUNIV_LINUX  -O3 -fno-fast-math -ggdb3 -Wall -Wextra -Wno-unused-parameter -Wno-parentheses -Wno-long-long -Wno-missing-field-initializers -Wunused-variable -Wpointer-arith -Wwrite-strings -Wdeclaration-after-statement -Wimplicit-function-declaration conftest.c  -L. -L/usr/local/lib -Wl,-R/usr/local/lib -L. -fstack-protector -rdynamic -Wl,-export-dynamic    -Wl,-Bsymbolic-functions -rdynamic -L/usr/lib/mysql -lmysqlclient  -Wl,-R -Wl,/usr/local/lib -L/usr/local/lib -lruby-static -Wl,-Bsymbolic-functions -rdynamic -L/usr/lib/mysql -lmysqlclient  -lpthread -lrt -ldl -lcrypt -lm   -lc"
conftest.c: In function ‘t’:
conftest.c:13: warning: implicit declaration of function ‘mysql_ssl_set’
checked program was:
/* begin */
 1: #include "ruby.h"
 2: 
 3: /*top*/
 4: extern int t(void);
 5: int main(int argc, char **argv)
 6: {
 7:   if (argc > 1000000) {
 8:     printf("%p", &t);
 9:   }
10: 
11:   return 0;
12: }
13: int t(void) { mysql_ssl_set(); return 0; }
/* end */

--------------------

have_func: checking for rb_str_set_len()... -------------------- yes

"gcc -o conftest -I/usr/local/include/ruby-2.1.0/i686-linux -I/usr/local/include/ruby-2.1.0/ruby/backward -I/usr/local/include/ruby-2.1.0 -I.  -D_FILE_OFFSET_BITS=64  -I/usr/include/mysql  -DBIG_JOINS=1  -fno-strict-aliasing   -DUNIV_LINUX -DUNIV_LINUX  -O3 -fno-fast-math -ggdb3 -Wall -Wextra -Wno-unused-parameter -Wno-parentheses -Wno-long-long -Wno-missing-field-initializers -Wunused-variable -Wpointer-arith -Wwrite-strings -Wdeclaration-after-statement -Wimplicit-function-declaration conftest.c  -L. -L/usr/local/lib -Wl,-R/usr/local/lib -L. -fstack-protector -rdynamic -Wl,-export-dynamic    -Wl,-Bsymbolic-functions -rdynamic -L/usr/lib/mysql -lmysqlclient  -Wl,-R -Wl,/usr/local/lib -L/usr/local/lib -lruby-static -Wl,-Bsymbolic-functions -rdynamic -L/usr/lib/mysql -lmysqlclient  -lpthread -lrt -ldl -lcrypt -lm   -lc"
checked program was:
/* begin */
 1: #include "ruby.h"
 2: 
 3: /*top*/
 4: extern int t(void);
 5: int main(int argc, char **argv)
 6: {
 7:   if (argc > 1000000) {
 8:     printf("%p", &t);
 9:   }
10: 
11:   return 0;
12: }
13: int t(void) { void ((*volatile p)()); p = (void ((*)()))rb_str_set_len; return 0; }
/* end */

--------------------

have_func: checking for rb_thread_start_timer()... -------------------- no

"gcc -o conftest -I/usr/local/include/ruby-2.1.0/i686-linux -I/usr/local/include/ruby-2.1.0/ruby/backward -I/usr/local/include/ruby-2.1.0 -I.  -D_FILE_OFFSET_BITS=64  -I/usr/include/mysql  -DBIG_JOINS=1  -fno-strict-aliasing   -DUNIV_LINUX -DUNIV_LINUX  -O3 -fno-fast-math -ggdb3 -Wall -Wextra -Wno-unused-parameter -Wno-parentheses -Wno-long-long -Wno-missing-field-initializers -Wunused-variable -Wpointer-arith -Wwrite-strings -Wdeclaration-after-statement -Wimplicit-function-declaration conftest.c  -L. -L/usr/local/lib -Wl,-R/usr/local/lib -L. -fstack-protector -rdynamic -Wl,-export-dynamic    -Wl,-Bsymbolic-functions -rdynamic -L/usr/lib/mysql -lmysqlclient  -Wl,-R -Wl,/usr/local/lib -L/usr/local/lib -lruby-static -Wl,-Bsymbolic-functions -rdynamic -L/usr/lib/mysql -lmysqlclient  -lpthread -lrt -ldl -lcrypt -lm   -lc"
conftest.c: In function ‘t’:
conftest.c:13: error: ‘rb_thread_start_timer’ undeclared (first use in this function)
conftest.c:13: error: (Each undeclared identifier is reported only once
conftest.c:13: error: for each function it appears in.)
checked program was:
/* begin */
 1: #include "ruby.h"
 2: 
 3: /*top*/
 4: extern int t(void);
 5: int main(int argc, char **argv)
 6: {
 7:   if (argc > 1000000) {
 8:     printf("%p", &t);
 9:   }
10: 
11:   return 0;
12: }
13: int t(void) { void ((*volatile p)()); p = (void ((*)()))rb_thread_start_timer; return 0; }
/* end */

"gcc -o conftest -I/usr/local/include/ruby-2.1.0/i686-linux -I/usr/local/include/ruby-2.1.0/ruby/backward -I/usr/local/include/ruby-2.1.0 -I.  -D_FILE_OFFSET_BITS=64  -I/usr/include/mysql  -DBIG_JOINS=1  -fno-strict-aliasing   -DUNIV_LINUX -DUNIV_LINUX  -O3 -fno-fast-math -ggdb3 -Wall -Wextra -Wno-unused-parameter -Wno-parentheses -Wno-long-long -Wno-missing-field-initializers -Wunused-variable -Wpointer-arith -Wwrite-strings -Wdeclaration-after-statement -Wimplicit-function-declaration conftest.c  -L. -L/usr/local/lib -Wl,-R/usr/local/lib -L. -fstack-protector -rdynamic -Wl,-export-dynamic    -Wl,-Bsymbolic-functions -rdynamic -L/usr/lib/mysql -lmysqlclient  -Wl,-R -Wl,/usr/local/lib -L/usr/local/lib -lruby-static -Wl,-Bsymbolic-functions -rdynamic -L/usr/lib/mysql -lmysqlclient  -lpthread -lrt -ldl -lcrypt -lm   -lc"
conftest.c: In function ‘t’:
conftest.c:13: warning: implicit declaration of function ‘rb_thread_start_timer’
/tmp/cc7fOKf6.o: In function `t':
/home/nlab/instiki/vendor/bundle/ruby/2.1.0/gems/mysql-2.9.1/ext/mysql_api/conftest.c:13: undefined reference to `rb_thread_start_timer'
collect2: ld returned 1 exit status
checked program was:
/* begin */
 1: #include "ruby.h"
 2: 
 3: /*top*/
 4: extern int t(void);
 5: int main(int argc, char **argv)
 6: {
 7:   if (argc > 1000000) {
 8:     printf("%p", &t);
 9:   }
10: 
11:   return 0;
12: }
13: int t(void) { rb_thread_start_timer(); return 0; }
/* end */

--------------------

have_header: checking for mysql.h... -------------------- yes

"gcc -E -I/usr/local/include/ruby-2.1.0/i686-linux -I/usr/local/include/ruby-2.1.0/ruby/backward -I/usr/local/include/ruby-2.1.0 -I.  -D_FILE_OFFSET_BITS=64  -I/usr/include/mysql  -DBIG_JOINS=1  -fno-strict-aliasing   -DUNIV_LINUX -DUNIV_LINUX  -O3 -fno-fast-math -ggdb3 -Wall -Wextra -Wno-unused-parameter -Wno-parentheses -Wno-long-long -Wno-missing-field-initializers -Wunused-variable -Wpointer-arith -Wwrite-strings -Wdeclaration-after-statement -Wimplicit-function-declaration  conftest.c -o conftest.i"
checked program was:
/* begin */
1: #include "ruby.h"
2: 
3: #include <mysql.h>
/* end */

--------------------

